<?xml version="1.0" encoding="UTF-8"?>
<testsuite name="model.UserTest" tests="3" skipped="0" failures="0" errors="0" timestamp="2021-08-23T00:01:16" hostname="sirkadima-HP-Compaq-6200-Pro-SFF-PC" time="0.021">
  <properties/>
  <testcase name="UsersClassInstantiates()" classname="model.UserTest" time="0.018"/>
  <testcase name="UserVariablesAssignable()" classname="model.UserTest" time="0.0"/>
  <testcase name="allUsersInstantiatesWithAnIdOf1()" classname="model.UserTest" time="0.001"/>
  <system-out><![CDATA[]]></system-out>
  <system-err><![CDATA[]]></system-err>
</testsuite>
