<?xml version="1.0" encoding="UTF-8"?>
<testsuite name="model.DepartmentsTest" tests="3" skipped="0" failures="0" errors="0" timestamp="2021-08-22T16:55:51" hostname="sirkadima-HP-Compaq-6200-Pro-SFF-PC" time="0.004">
  <properties/>
  <testcase name="DepartmentVariablesAssignable()" classname="model.DepartmentsTest" time="0.001"/>
  <testcase name="DepartmentClassExists()" classname="model.DepartmentsTest" time="0.0"/>
  <testcase name="DepartmentsInstantiatesWithAnIdOf1()" classname="model.DepartmentsTest" time="0.001"/>
  <system-out><![CDATA[]]></system-out>
  <system-err><![CDATA[]]></system-err>
</testsuite>
