<?xml version="1.0" encoding="UTF-8"?>
<testsuite name="model.DepartmentsTest" tests="1" skipped="0" failures="0" errors="0" timestamp="2021-08-22T15:55:40" hostname="sirkadima-HP-Compaq-6200-Pro-SFF-PC" time="0.018">
  <properties/>
  <testcase name="DepartmentVariablesAssignable()" classname="model.DepartmentsTest" time="0.018"/>
  <system-out><![CDATA[]]></system-out>
  <system-err><![CDATA[]]></system-err>
</testsuite>
