<?xml version="1.0" encoding="UTF-8"?>
<testsuite name="dao.Sql2oNewsDaoTest" tests="5" skipped="0" failures="0" errors="0" timestamp="2021-08-25T00:38:10" hostname="sirkadima-HP-Compaq-6200-Pro-SFF-PC" time="0.566">
  <properties/>
  <testcase name="getAll()" classname="dao.Sql2oNewsDaoTest" time="0.108"/>
  <testcase name="findById()" classname="dao.Sql2oNewsDaoTest" time="0.126"/>
  <testcase name="add()" classname="dao.Sql2oNewsDaoTest" time="0.08"/>
  <testcase name="clearAll()" classname="dao.Sql2oNewsDaoTest" time="0.101"/>
  <testcase name="deleteById()" classname="dao.Sql2oNewsDaoTest" time="0.147"/>
  <system-out><![CDATA[Clearing database
Clearing database
Clearing database
Clearing database
Clearing database
]]></system-out>
  <system-err><![CDATA[]]></system-err>
</testsuite>
