<?xml version="1.0" encoding="UTF-8"?>
<testsuite name="dao.Sql2oUsersDaoTest" tests="5" skipped="0" failures="0" errors="0" timestamp="2021-08-25T07:11:27" hostname="sirkadima-HP-Compaq-6200-Pro-SFF-PC" time="1.472">
  <properties/>
  <testcase name="getAll()" classname="dao.Sql2oUsersDaoTest" time="0.578"/>
  <testcase name="findById()" classname="dao.Sql2oUsersDaoTest" time="0.444"/>
  <testcase name="add()" classname="dao.Sql2oUsersDaoTest" time="0.116"/>
  <testcase name="clearAll()" classname="dao.Sql2oUsersDaoTest" time="0.148"/>
  <testcase name="deleteById()" classname="dao.Sql2oUsersDaoTest" time="0.18"/>
  <system-out><![CDATA[Clearing database
Clearing database
Clearing database
Clearing database
Clearing database
]]></system-out>
  <system-err><![CDATA[]]></system-err>
</testsuite>
