<?xml version="1.0" encoding="UTF-8"?>
<testsuite name="model.DepartmentTest" tests="2" skipped="0" failures="0" errors="0" timestamp="2021-08-25T11:58:08" hostname="sirkadima-HP-Compaq-6200-Pro-SFF-PC" time="0.001">
  <properties/>
  <testcase name="DepartmentVariablesAssignable()" classname="model.DepartmentTest" time="0.001"/>
  <testcase name="DepartmentClassExists()" classname="model.DepartmentTest" time="0.0"/>
  <system-out><![CDATA[]]></system-out>
  <system-err><![CDATA[]]></system-err>
</testsuite>
