<?xml version="1.0" encoding="UTF-8"?>
<testsuite name="dao.Sql2oNewsDaoTest" tests="5" skipped="0" failures="0" errors="0" timestamp="2021-08-25T00:23:34" hostname="sirkadima-HP-Compaq-6200-Pro-SFF-PC" time="1.04">
  <properties/>
  <testcase name="getAll()" classname="dao.Sql2oNewsDaoTest" time="0.463"/>
  <testcase name="findById()" classname="dao.Sql2oNewsDaoTest" time="0.151"/>
  <testcase name="add()" classname="dao.Sql2oNewsDaoTest" time="0.1"/>
  <testcase name="clearAll()" classname="dao.Sql2oNewsDaoTest" time="0.18"/>
  <testcase name="deleteById()" classname="dao.Sql2oNewsDaoTest" time="0.142"/>
  <system-out><![CDATA[Clearing database
Clearing database
Clearing database
Clearing database
Clearing database
]]></system-out>
  <system-err><![CDATA[]]></system-err>
</testsuite>
