<?xml version="1.0" encoding="UTF-8"?>
<testsuite name="dao.Sql2oDepartmentDaoTest" tests="5" skipped="0" failures="0" errors="0" timestamp="2021-08-25T07:11:29" hostname="sirkadima-HP-Compaq-6200-Pro-SFF-PC" time="0.654">
  <properties/>
  <testcase name="getAll()" classname="dao.Sql2oDepartmentDaoTest" time="0.113"/>
  <testcase name="findById()" classname="dao.Sql2oDepartmentDaoTest" time="0.141"/>
  <testcase name="add()" classname="dao.Sql2oDepartmentDaoTest" time="0.107"/>
  <testcase name="clearAll()" classname="dao.Sql2oDepartmentDaoTest" time="0.145"/>
  <testcase name="deleteById()" classname="dao.Sql2oDepartmentDaoTest" time="0.142"/>
  <system-out><![CDATA[Clearing database
Clearing database
Clearing database
Clearing database
Clearing database
]]></system-out>
  <system-err><![CDATA[]]></system-err>
</testsuite>
