<?xml version="1.0" encoding="UTF-8"?>
<testsuite name="model.UserTest" tests="3" skipped="0" failures="0" errors="0" timestamp="2021-08-22T21:33:15" hostname="sirkadima-HP-Compaq-6200-Pro-SFF-PC" time="0.023">
  <properties/>
  <testcase name="UsersClassInstantiates()" classname="model.UserTest" time="0.019"/>
  <testcase name="UserVariablesAssignable()" classname="model.UserTest" time="0.001"/>
  <testcase name="allUsersInstantiatesWithAnIdOf1()" classname="model.UserTest" time="0.002"/>
  <system-out><![CDATA[]]></system-out>
  <system-err><![CDATA[]]></system-err>
</testsuite>
