<?xml version="1.0" encoding="UTF-8"?>
<testsuite name="dao.Sql2oUsersDaoTest" tests="5" skipped="0" failures="0" errors="0" timestamp="2021-08-25T00:03:59" hostname="sirkadima-HP-Compaq-6200-Pro-SFF-PC" time="1.063">
  <properties/>
  <testcase name="getAll()" classname="dao.Sql2oUsersDaoTest" time="0.494"/>
  <testcase name="findById()" classname="dao.Sql2oUsersDaoTest" time="0.168"/>
  <testcase name="add()" classname="dao.Sql2oUsersDaoTest" time="0.108"/>
  <testcase name="clearAll()" classname="dao.Sql2oUsersDaoTest" time="0.117"/>
  <testcase name="deleteById()" classname="dao.Sql2oUsersDaoTest" time="0.172"/>
  <system-out><![CDATA[Clearing database
Clearing database
Clearing database
Clearing database
Clearing database
]]></system-out>
  <system-err><![CDATA[]]></system-err>
</testsuite>
