<?xml version="1.0" encoding="UTF-8"?>
<testsuite name="model.UsersTest" tests="3" skipped="0" failures="0" errors="0" timestamp="2021-08-22T16:55:51" hostname="sirkadima-HP-Compaq-6200-Pro-SFF-PC" time="0.004">
  <properties/>
  <testcase name="UsersClassInstantiates()" classname="model.UsersTest" time="0.002"/>
  <testcase name="UserVariablesAssignable()" classname="model.UsersTest" time="0.001"/>
  <testcase name="allUsersInstantiatesWithAnIdOf1()" classname="model.UsersTest" time="0.0"/>
  <system-out><![CDATA[]]></system-out>
  <system-err><![CDATA[]]></system-err>
</testsuite>
