<?xml version="1.0" encoding="UTF-8"?>
<testsuite name="model.UsersTest" tests="1" skipped="0" failures="0" errors="0" timestamp="2021-08-22T16:39:15" hostname="sirkadima-HP-Compaq-6200-Pro-SFF-PC" time="0.02">
  <properties/>
  <testcase name="UserVariablesAssignable()" classname="model.UsersTest" time="0.02"/>
  <system-out><![CDATA[]]></system-out>
  <system-err><![CDATA[]]></system-err>
</testsuite>
